Arguments: 
  C:\Program Files\nodejs\node.exe C:\Users\Usuario\AppData\Roaming\npm\node_modules\yarn\bin\yarn.js

PATH: 
  C:\Users\Usuario\bin;C:\Program Files\Git\mingw64\bin;C:\Program Files\Git\usr\local\bin;C:\Program Files\Git\usr\bin;C:\Program Files\Git\usr\bin;C:\Program Files\Git\cmd;C:\Program Files (x86)\Common Files\Oracle\Java\javapath;C:\Windows\system32;C:\Windows;C:\Windows\System32\Wbem;C:\Windows\System32\WindowsPowerShell\v1.0;C:\Windows\System32\OpenSSH;C:\Program Files\Calibre2;C:\Program Files\Git\cmd;C:\Program Files\nodejs;C:\TDM-GCC-64\bin;C:\ProgramData\chocolatey\bin;C:\Users\Usuario\AppData\Local\Programs\Python\Python311\Scripts;C:\Users\Usuario\AppData\Local\Programs\Python\Python311;C:\Users\Usuario\AppData\Local\Programs\Python\Python310\Scripts;C:\Users\Usuario\AppData\Local\Programs\Python\Python310;C:\Users\Usuario\AppData\Local\Microsoft\WindowsApps;C:\w64devkit\bin;C:\Users\Usuario\AppData\Local\Programs\Microsoft VS Code\bin;C:\Users\Usuario\AppData\Local\Programs\Hyper\resources\bin;C:\Program Files\heroku\bin;C:\Users\Usuario\AppData\Roaming\npm;C:\Users\Usuario\AppData\Local\atom\bin;C:\tools\neovim\nvim-win64\bin;C:\Program Files\Git\usr\bin\vendor_perl;C:\Program Files\Git\usr\bin\core_perl

Yarn version: 
  1.22.19

Node version: 
  16.14.0

Platform: 
  win32 x64

Trace: 
  Error: EPERM: operation not permitted, unlink 'C:\Users\Usuario\Documents\binance-hackathon\blockend\node_modules\bufferutil\prebuilds\win32-x64\node.napi.node'

npm manifest: 
  {
    "name": "blockend",
    "version": "1.0.0",
    "description": "",
    "main": "index.js",
    "scripts": {
      "test": "echo \"Error: no test specified\" && exit 1"
    },
    "keywords": [],
    "author": "",
    "license": "ISC",
    "devDependencies": {
      "@chainlink/contracts": "^0.5.1",
      "hardhat": "^2.12.3",
      "@nomiclabs/hardhat-etherscan": "^3.1.0",
      "@nomiclabs/hardhat-ethers": "npm:hardhat-deploy-ethers",
      "ethers": "^5.6.9",
      "hardhat-deploy": "^0.11.12",
      "hardhat-contract-sizer": "^2.6.1"
    },
    "dependencies": {
      "@chainlink/test-helpers": "^0.0.7-alpha",
      "@chainlink/token": "^1.1.0",
      "@nomicfoundation/hardhat-toolbox": "^2.0.0",
      "@openzeppelin/contracts": "^4.8.0",
      "dotenv": "^16.0.1"
    }
  }

yarn manifest: 
  No manifest

Lockfile: 
  No lockfile
